<?xml version="1.0" encoding="UTF-8"?>
<!-- Generated by org.testng.reporters.JUnitReportReporter -->
<testsuite skipped="0" hostname="LAPTOP-12U37SRA" name="com.demo.qa.test.BuildJobTest" tests="1" failures="0" timestamp="18 Oct 2020 05:26:47 GMT" time="39.351" errors="0">
  <testcase name="ToolsQaTest" time="39.351" classname="com.demo.qa.test.BuildJobTest"/>
</testsuite> <!-- com.demo.qa.test.BuildJobTest -->
