<?xml version="1.0" encoding="UTF-8"?>
<!-- Generated by org.testng.reporters.JUnitReportReporter -->
<testsuite hostname="LAPTOP-12U37SRA" name="com.demo.qa.test.BuildJobTest" tests="1" failures="0" timestamp="18 Oct 2020 05:21:55 GMT" time="56.020" errors="0">
  <testcase name="ToolsQaTest" time="56.020" classname="com.demo.qa.test.BuildJobTest"/>
</testsuite> <!-- com.demo.qa.test.BuildJobTest -->
